<?xml version="1.0" encoding="UTF-8"?>
<!-- Generated by org.testng.reporters.JUnitReportReporter -->
<testsuite skipped="0" hostname="SAG-CFT52X2" name="com.gohighlevel.web.selenium.tests.Calendar.OptimizeAppointment" tests="2" failures="0" timestamp="18 Feb 2021 17:48:34 GMT" time="2.027" errors="0">
  <testcase name="verifyEditCalendarPageOpensUp" time="1.955" classname="com.gohighlevel.web.selenium.tests.Calendar.OptimizeAppointment"/>
  <testcase name="verifyTeamMembersInCalendar" time="0.072" classname="com.gohighlevel.web.selenium.tests.Calendar.OptimizeAppointment"/>
</testsuite> <!-- com.gohighlevel.web.selenium.tests.Calendar.OptimizeAppointment -->
